###########################################################################
Mon, 20 Apr 2020 18:59:21 +0000
###########################################################################

Script: /cloud/Code/python/qeforfit/qeforfit.py
Loaded: input.in

type: fcc
size: 1
alat: 4.04
alat_units: ang
cp: [1.0, 1.0, 1.0, 0.0, 0.0, 0.0]
rand_seed: 0
coord_var: [-0.01, 0.01]
alat_var: [-0.001, 0.001]
count: 5
tetra: 2
octa: 2
vac: [[1, 3], [3, 2]]

type: bcc
size: 1
alat: 4.04
alat_units: ang
cp: [1.0, 1.0, 1.0, 0.0, 0.0, 0.0]
rand_seed: 1
coord_var: [-0.01, 0.01]
alat_var: [-0.001, 0.001]
count: 5

type: bcc
size: 1
alat: 4.04
alat_units: ang
cp: [1.0, 1.0, 1.0, 0.0, 0.0, 0.0]
rand_seed: 2
vac: [1, 2]

type: bcc
size: 1
alat: 4.04
alat_units: ang
cp: [1.0, 1.0, 1.0, 0.0, 0.0, 0.0]
rand_seed: 3


###########################################################################
Duration: 0.1837160587310791
###########################################################################
