###########################################################################
Tue, 21 Jul 2020 01:17:10 +0000
###########################################################################

Script: /cloud/Code/python/qeforfit/qeforfit.py
Loaded: input.in

type: file
rand_seed: 1
coord_var: [-0.01, 0.01]
alat_var: [-0.001, 0.001]
count: 5

Save Config 1
======================

config 1 1 
seed 140891 
config 1 2 
seed 988251 
config 1 3 
seed 210040 
config 1 4 
seed 716968 
config 1 5 
seed 23120 

###########################################################################
Duration: 0.637127161026001
###########################################################################
