###########################################################################
Sun, 18 Jul 2021 23:44:28 +0000
###########################################################################

Script: /cloud/Code/python/qeforfit/qeforfit.py
Loaded: input.in

type: fcc
size: 2
alat: 4.04
alat_units: ang
cp: [1.0, 1.0, 1.0, 0.0, 0.0, 0.0]
rand_seed: 0
coord_var: [-0.0, 0.0]
alat_var: [-0.0, 0.0]
count: 1

type: fcc
size: 2
alat: 4.04
alat_units: ang
cp: [1.0, 1.0, 1.0, 0.0, 0.0, 0.0]
rand_seed: 0
coord_var: [-0.005, 0.005]
alat_var: [-0.0, 0.0]
count: 5

type: fcc
size: 2
alat: 4.04
alat_units: ang
cp: [1.0, 1.0, 1.0, 0.0, 0.0, 0.0]
rand_seed: 0
coord_var: [-0.005, 0.005]
alat_var: [-0.001, 0.001]
count: 5

type: fcc
size: 2
alat: 4.04
alat_units: ang
cp: [1.0, 1.0, 1.0, 0.0, 0.0, 0.0]
rand_seed: 0
coord_var: [-0.01, 0.01]
alat_var: [-0.0, 0.0]
count: 5

type: fcc
size: 2
alat: 4.04
alat_units: ang
cp: [1.0, 1.0, 1.0, 0.0, 0.0, 0.0]
rand_seed: 0
coord_var: [-0.01, 0.01]
alat_var: [-0.001, 0.001]
count: 5

type: fcc
size: 2
alat: 4.04
alat_units: ang
cp: [1.0, 1.0, 1.0, 0.0, 0.0, 0.0]
rand_seed: 0
coord_var: [-0.015, 0.015]
alat_var: [-0.0, 0.0]
count: 5

type: fcc
size: 2
alat: 4.04
alat_units: ang
cp: [1.0, 1.0, 1.0, 0.0, 0.0, 0.0]
rand_seed: 0
coord_var: [-0.015, 0.015]
alat_var: [-0.001, 0.001]
count: 5

type: fcc
size: 2
alat: 4.04
alat_units: ang
cp: [1.0, 1.0, 1.0, 0.0, 0.0, 0.0]
rand_seed: 0
coord_var: [-0.02, 0.02]
alat_var: [-0.0, 0.0]
count: 5

type: fcc
size: 2
alat: 4.04
alat_units: ang
cp: [1.0, 1.0, 1.0, 0.0, 0.0, 0.0]
rand_seed: 0
coord_var: [-0.02, 0.02]
alat_var: [-0.001, 0.001]
count: 5

type: fcc
size: 2
alat: 4.04
alat_units: ang
cp: [1.0, 1.0, 1.0, 0.0, 0.0, 0.0]
rand_seed: 0
coord_var: [-0.04, 0.04]
alat_var: [-0.0, 0.0]
count: 5

type: fcc
size: 2
alat: 4.04
alat_units: ang
cp: [1.0, 1.0, 1.0, 0.0, 0.0, 0.0]
rand_seed: 0
coord_var: [-0.04, 0.04]
alat_var: [-0.001, 0.001]
count: 5

type: fcc
size: 2
alat: 4.04
alat_units: ang
cp: [1.0, 1.0, 1.0, 0.0, 0.0, 0.0]
rand_seed: 0
coord_var: [-0.06, 0.06]
alat_var: [-0.0, 0.0]
count: 5

type: fcc
size: 2
alat: 4.04
alat_units: ang
cp: [1.0, 1.0, 1.0, 0.0, 0.0, 0.0]
rand_seed: 0
coord_var: [-0.06, 0.06]
alat_var: [-0.001, 0.001]
count: 5

type: fcc
size: 2
alat: 4.04
alat_units: ang
cp: [1.0, 1.0, 1.0, 0.0, 0.0, 0.0]
rand_seed: 0
coord_var: [-0.08, 0.08]
alat_var: [-0.0, 0.0]
count: 5

type: fcc
size: 2
alat: 4.04
alat_units: ang
cp: [1.0, 1.0, 1.0, 0.0, 0.0, 0.0]
rand_seed: 0
coord_var: [-0.08, 0.08]
alat_var: [-0.001, 0.001]
count: 5

type: fcc
size: 2
alat: 4.04
alat_units: ang
cp: [1.0, 1.0, 1.0, 0.0, 0.0, 0.0]
rand_seed: 0
coord_var: [-0.1, 0.1]
alat_var: [-0.0, 0.0]
count: 5

type: fcc
size: 2
alat: 4.04
alat_units: ang
cp: [1.0, 1.0, 1.0, 0.0, 0.0, 0.0]
rand_seed: 0
coord_var: [-0.1, 0.1]
alat_var: [-0.001, 0.001]
count: 5

type: fcc
size: 2
alat: 4.04
alat_units: ang
cp: [1.0, 1.0, 1.0, 0.0, 0.0, 0.0]
rand_seed: 0
coord_var: [-0.12, 0.12]
alat_var: [-0.0, 0.0]
count: 5

type: fcc
size: 2
alat: 4.04
alat_units: ang
cp: [1.0, 1.0, 1.0, 0.0, 0.0, 0.0]
rand_seed: 0
coord_var: [-0.12, 0.12]
alat_var: [-0.001, 0.001]
count: 5

type: fcc
size: 2
alat: 4.04
alat_units: ang
cp: [1.0, 1.0, 1.0, 0.0, 0.0, 0.0]
rand_seed: 0
coord_var: [-0.14, 0.14]
alat_var: [-0.0, 0.0]
count: 5

type: fcc
size: 2
alat: 4.04
alat_units: ang
cp: [1.0, 1.0, 1.0, 0.0, 0.0, 0.0]
rand_seed: 0
coord_var: [-0.14, 0.14]
alat_var: [-0.001, 0.001]
count: 5

Save Config 1
======================

config 1 1 
seed 885440 
alat: 15.2741088  [in: 7.6370544 out: 15.2741088]
type: fcc
size: 2
saved to: wd/configs/1/config_0001.in


Save Config 2
======================

config 2 1 
seed 885440 
alat: 15.2741088  [in: 7.6370544 out: 15.2741088]
type: fcc
size: 2
saved to: wd/configs/2/config_0001.in

config 2 2 
seed 582629 
alat: 15.2741088  [in: 7.6370544 out: 15.2741088]
type: fcc
size: 2
saved to: wd/configs/2/config_0002.in

config 2 3 
seed 948077 
alat: 15.2741088  [in: 7.6370544 out: 15.2741088]
type: fcc
size: 2
saved to: wd/configs/2/config_0003.in

config 2 4 
seed 763457 
alat: 15.2741088  [in: 7.6370544 out: 15.2741088]
type: fcc
size: 2
saved to: wd/configs/2/config_0004.in

config 2 5 
seed 737244 
alat: 15.2741088  [in: 7.6370544 out: 15.2741088]
type: fcc
size: 2
saved to: wd/configs/2/config_0005.in


Save Config 3
======================

config 3 1 
seed 885440 
alat: 15.27580845  [in: 7.6370544 out: 15.2741088]
type: fcc
size: 2
saved to: wd/configs/3/config_0001.in

config 3 2 
seed 100088 
alat: 15.26728039  [in: 7.6370544 out: 15.2741088]
type: fcc
size: 2
saved to: wd/configs/3/config_0002.in

config 3 3 
seed 776541 
alat: 15.27601294  [in: 7.6370544 out: 15.2741088]
type: fcc
size: 2
saved to: wd/configs/3/config_0003.in

config 3 4 
seed 7010 
alat: 15.28152738  [in: 7.6370544 out: 15.2741088]
type: fcc
size: 2
saved to: wd/configs/3/config_0004.in

config 3 5 
seed 739286 
alat: 15.2890603  [in: 7.6370544 out: 15.2741088]
type: fcc
size: 2
saved to: wd/configs/3/config_0005.in


Save Config 4
======================

config 4 1 
seed 885440 
alat: 15.2741088  [in: 7.6370544 out: 15.2741088]
type: fcc
size: 2
saved to: wd/configs/4/config_0001.in

config 4 2 
seed 582629 
alat: 15.2741088  [in: 7.6370544 out: 15.2741088]
type: fcc
size: 2
saved to: wd/configs/4/config_0002.in

config 4 3 
seed 948077 
alat: 15.2741088  [in: 7.6370544 out: 15.2741088]
type: fcc
size: 2
saved to: wd/configs/4/config_0003.in

config 4 4 
seed 763457 
alat: 15.2741088  [in: 7.6370544 out: 15.2741088]
type: fcc
size: 2
saved to: wd/configs/4/config_0004.in

config 4 5 
seed 737244 
alat: 15.2741088  [in: 7.6370544 out: 15.2741088]
type: fcc
size: 2
saved to: wd/configs/4/config_0005.in


Save Config 5
======================

config 5 1 
seed 885440 
alat: 15.27580845  [in: 7.6370544 out: 15.2741088]
type: fcc
size: 2
saved to: wd/configs/5/config_0001.in

config 5 2 
seed 100088 
alat: 15.26728039  [in: 7.6370544 out: 15.2741088]
type: fcc
size: 2
saved to: wd/configs/5/config_0002.in

config 5 3 
seed 776541 
alat: 15.27601294  [in: 7.6370544 out: 15.2741088]
type: fcc
size: 2
saved to: wd/configs/5/config_0003.in

config 5 4 
seed 7010 
alat: 15.28152738  [in: 7.6370544 out: 15.2741088]
type: fcc
size: 2
saved to: wd/configs/5/config_0004.in

config 5 5 
seed 739286 
alat: 15.2890603  [in: 7.6370544 out: 15.2741088]
type: fcc
size: 2
saved to: wd/configs/5/config_0005.in


Save Config 6
======================

config 6 1 
seed 885440 
alat: 15.2741088  [in: 7.6370544 out: 15.2741088]
type: fcc
size: 2
saved to: wd/configs/6/config_0001.in

config 6 2 
seed 582629 
alat: 15.2741088  [in: 7.6370544 out: 15.2741088]
type: fcc
size: 2
saved to: wd/configs/6/config_0002.in

config 6 3 
seed 948077 
alat: 15.2741088  [in: 7.6370544 out: 15.2741088]
type: fcc
size: 2
saved to: wd/configs/6/config_0003.in

config 6 4 
seed 763457 
alat: 15.2741088  [in: 7.6370544 out: 15.2741088]
type: fcc
size: 2
saved to: wd/configs/6/config_0004.in

config 6 5 
seed 737244 
alat: 15.2741088  [in: 7.6370544 out: 15.2741088]
type: fcc
size: 2
saved to: wd/configs/6/config_0005.in


Save Config 7
======================

config 7 1 
seed 885440 
alat: 15.27580845  [in: 7.6370544 out: 15.2741088]
type: fcc
size: 2
saved to: wd/configs/7/config_0001.in

config 7 2 
seed 100088 
alat: 15.26728039  [in: 7.6370544 out: 15.2741088]
type: fcc
size: 2
saved to: wd/configs/7/config_0002.in

config 7 3 
seed 776541 
alat: 15.27601294  [in: 7.6370544 out: 15.2741088]
type: fcc
size: 2
saved to: wd/configs/7/config_0003.in

config 7 4 
seed 7010 
alat: 15.28152738  [in: 7.6370544 out: 15.2741088]
type: fcc
size: 2
saved to: wd/configs/7/config_0004.in

config 7 5 
seed 739286 
alat: 15.2890603  [in: 7.6370544 out: 15.2741088]
type: fcc
size: 2
saved to: wd/configs/7/config_0005.in


Save Config 8
======================

config 8 1 
seed 885440 
alat: 15.2741088  [in: 7.6370544 out: 15.2741088]
type: fcc
size: 2
saved to: wd/configs/8/config_0001.in

config 8 2 
seed 582629 
alat: 15.2741088  [in: 7.6370544 out: 15.2741088]
type: fcc
size: 2
saved to: wd/configs/8/config_0002.in

config 8 3 
seed 948077 
alat: 15.2741088  [in: 7.6370544 out: 15.2741088]
type: fcc
size: 2
saved to: wd/configs/8/config_0003.in

config 8 4 
seed 763457 
alat: 15.2741088  [in: 7.6370544 out: 15.2741088]
type: fcc
size: 2
saved to: wd/configs/8/config_0004.in

config 8 5 
seed 737244 
alat: 15.2741088  [in: 7.6370544 out: 15.2741088]
type: fcc
size: 2
saved to: wd/configs/8/config_0005.in


Save Config 9
======================

config 9 1 
seed 885440 
alat: 15.27580845  [in: 7.6370544 out: 15.2741088]
type: fcc
size: 2
saved to: wd/configs/9/config_0001.in

config 9 2 
seed 100088 
alat: 15.26728039  [in: 7.6370544 out: 15.2741088]
type: fcc
size: 2
saved to: wd/configs/9/config_0002.in

config 9 3 
seed 776541 
alat: 15.27601294  [in: 7.6370544 out: 15.2741088]
type: fcc
size: 2
saved to: wd/configs/9/config_0003.in

config 9 4 
seed 7010 
alat: 15.28152738  [in: 7.6370544 out: 15.2741088]
type: fcc
size: 2
saved to: wd/configs/9/config_0004.in

config 9 5 
seed 739286 
alat: 15.2890603  [in: 7.6370544 out: 15.2741088]
type: fcc
size: 2
saved to: wd/configs/9/config_0005.in


Save Config 10
======================

config 10 1 
seed 885440 
alat: 15.2741088  [in: 7.6370544 out: 15.2741088]
type: fcc
size: 2
saved to: wd/configs/10/config_0001.in

config 10 2 
seed 582629 
alat: 15.2741088  [in: 7.6370544 out: 15.2741088]
type: fcc
size: 2
saved to: wd/configs/10/config_0002.in

config 10 3 
seed 948077 
alat: 15.2741088  [in: 7.6370544 out: 15.2741088]
type: fcc
size: 2
saved to: wd/configs/10/config_0003.in

config 10 4 
seed 763457 
alat: 15.2741088  [in: 7.6370544 out: 15.2741088]
type: fcc
size: 2
saved to: wd/configs/10/config_0004.in

config 10 5 
seed 737244 
alat: 15.2741088  [in: 7.6370544 out: 15.2741088]
type: fcc
size: 2
saved to: wd/configs/10/config_0005.in


Save Config 11
======================

config 11 1 
seed 885440 
alat: 15.27580845  [in: 7.6370544 out: 15.2741088]
type: fcc
size: 2
saved to: wd/configs/11/config_0001.in

config 11 2 
seed 100088 
alat: 15.26728039  [in: 7.6370544 out: 15.2741088]
type: fcc
size: 2
saved to: wd/configs/11/config_0002.in

config 11 3 
seed 776541 
alat: 15.27601294  [in: 7.6370544 out: 15.2741088]
type: fcc
size: 2
saved to: wd/configs/11/config_0003.in

config 11 4 
seed 7010 
alat: 15.28152738  [in: 7.6370544 out: 15.2741088]
type: fcc
size: 2
saved to: wd/configs/11/config_0004.in

config 11 5 
seed 739286 
alat: 15.2890603  [in: 7.6370544 out: 15.2741088]
type: fcc
size: 2
saved to: wd/configs/11/config_0005.in


Save Config 12
======================

config 12 1 
seed 885440 
alat: 15.2741088  [in: 7.6370544 out: 15.2741088]
type: fcc
size: 2
saved to: wd/configs/12/config_0001.in

config 12 2 
seed 582629 
alat: 15.2741088  [in: 7.6370544 out: 15.2741088]
type: fcc
size: 2
saved to: wd/configs/12/config_0002.in

config 12 3 
seed 948077 
alat: 15.2741088  [in: 7.6370544 out: 15.2741088]
type: fcc
size: 2
saved to: wd/configs/12/config_0003.in

config 12 4 
seed 763457 
alat: 15.2741088  [in: 7.6370544 out: 15.2741088]
type: fcc
size: 2
saved to: wd/configs/12/config_0004.in

config 12 5 
seed 737244 
alat: 15.2741088  [in: 7.6370544 out: 15.2741088]
type: fcc
size: 2
saved to: wd/configs/12/config_0005.in


Save Config 13
======================

config 13 1 
seed 885440 
alat: 15.27580845  [in: 7.6370544 out: 15.2741088]
type: fcc
size: 2
saved to: wd/configs/13/config_0001.in

config 13 2 
seed 100088 
alat: 15.26728039  [in: 7.6370544 out: 15.2741088]
type: fcc
size: 2
saved to: wd/configs/13/config_0002.in

config 13 3 
seed 776541 
alat: 15.27601294  [in: 7.6370544 out: 15.2741088]
type: fcc
size: 2
saved to: wd/configs/13/config_0003.in

config 13 4 
seed 7010 
alat: 15.28152738  [in: 7.6370544 out: 15.2741088]
type: fcc
size: 2
saved to: wd/configs/13/config_0004.in

config 13 5 
seed 739286 
alat: 15.2890603  [in: 7.6370544 out: 15.2741088]
type: fcc
size: 2
saved to: wd/configs/13/config_0005.in


Save Config 14
======================

config 14 1 
seed 885440 
alat: 15.2741088  [in: 7.6370544 out: 15.2741088]
type: fcc
size: 2
saved to: wd/configs/14/config_0001.in

config 14 2 
seed 582629 
alat: 15.2741088  [in: 7.6370544 out: 15.2741088]
type: fcc
size: 2
saved to: wd/configs/14/config_0002.in

config 14 3 
seed 948077 
alat: 15.2741088  [in: 7.6370544 out: 15.2741088]
type: fcc
size: 2
saved to: wd/configs/14/config_0003.in

config 14 4 
seed 763457 
alat: 15.2741088  [in: 7.6370544 out: 15.2741088]
type: fcc
size: 2
saved to: wd/configs/14/config_0004.in

config 14 5 
seed 737244 
alat: 15.2741088  [in: 7.6370544 out: 15.2741088]
type: fcc
size: 2
saved to: wd/configs/14/config_0005.in


Save Config 15
======================

config 15 1 
seed 885440 
alat: 15.27580845  [in: 7.6370544 out: 15.2741088]
type: fcc
size: 2
saved to: wd/configs/15/config_0001.in

config 15 2 
seed 100088 
alat: 15.26728039  [in: 7.6370544 out: 15.2741088]
type: fcc
size: 2
saved to: wd/configs/15/config_0002.in

config 15 3 
seed 776541 
alat: 15.27601294  [in: 7.6370544 out: 15.2741088]
type: fcc
size: 2
saved to: wd/configs/15/config_0003.in

config 15 4 
seed 7010 
alat: 15.28152738  [in: 7.6370544 out: 15.2741088]
type: fcc
size: 2
saved to: wd/configs/15/config_0004.in

config 15 5 
seed 739286 
alat: 15.2890603  [in: 7.6370544 out: 15.2741088]
type: fcc
size: 2
saved to: wd/configs/15/config_0005.in


Save Config 16
======================

config 16 1 
seed 885440 
alat: 15.2741088  [in: 7.6370544 out: 15.2741088]
type: fcc
size: 2
saved to: wd/configs/16/config_0001.in

config 16 2 
seed 582629 
alat: 15.2741088  [in: 7.6370544 out: 15.2741088]
type: fcc
size: 2
saved to: wd/configs/16/config_0002.in

config 16 3 
seed 948077 
alat: 15.2741088  [in: 7.6370544 out: 15.2741088]
type: fcc
size: 2
saved to: wd/configs/16/config_0003.in

config 16 4 
seed 763457 
alat: 15.2741088  [in: 7.6370544 out: 15.2741088]
type: fcc
size: 2
saved to: wd/configs/16/config_0004.in

config 16 5 
seed 737244 
alat: 15.2741088  [in: 7.6370544 out: 15.2741088]
type: fcc
size: 2
saved to: wd/configs/16/config_0005.in


Save Config 17
======================

config 17 1 
seed 885440 
alat: 15.27580845  [in: 7.6370544 out: 15.2741088]
type: fcc
size: 2
saved to: wd/configs/17/config_0001.in

config 17 2 
seed 100088 
alat: 15.26728039  [in: 7.6370544 out: 15.2741088]
type: fcc
size: 2
saved to: wd/configs/17/config_0002.in

config 17 3 
seed 776541 
alat: 15.27601294  [in: 7.6370544 out: 15.2741088]
type: fcc
size: 2
saved to: wd/configs/17/config_0003.in

config 17 4 
seed 7010 
alat: 15.28152738  [in: 7.6370544 out: 15.2741088]
type: fcc
size: 2
saved to: wd/configs/17/config_0004.in

config 17 5 
seed 739286 
alat: 15.2890603  [in: 7.6370544 out: 15.2741088]
type: fcc
size: 2
saved to: wd/configs/17/config_0005.in


Save Config 18
======================

config 18 1 
seed 885440 
alat: 15.2741088  [in: 7.6370544 out: 15.2741088]
type: fcc
size: 2
saved to: wd/configs/18/config_0001.in

config 18 2 
seed 582629 
alat: 15.2741088  [in: 7.6370544 out: 15.2741088]
type: fcc
size: 2
saved to: wd/configs/18/config_0002.in

config 18 3 
seed 948077 
alat: 15.2741088  [in: 7.6370544 out: 15.2741088]
type: fcc
size: 2
saved to: wd/configs/18/config_0003.in

config 18 4 
seed 763457 
alat: 15.2741088  [in: 7.6370544 out: 15.2741088]
type: fcc
size: 2
saved to: wd/configs/18/config_0004.in

config 18 5 
seed 737244 
alat: 15.2741088  [in: 7.6370544 out: 15.2741088]
type: fcc
size: 2
saved to: wd/configs/18/config_0005.in


Save Config 19
======================

config 19 1 
seed 885440 
alat: 15.27580845  [in: 7.6370544 out: 15.2741088]
type: fcc
size: 2
saved to: wd/configs/19/config_0001.in

config 19 2 
seed 100088 
alat: 15.26728039  [in: 7.6370544 out: 15.2741088]
type: fcc
size: 2
saved to: wd/configs/19/config_0002.in

config 19 3 
seed 776541 
alat: 15.27601294  [in: 7.6370544 out: 15.2741088]
type: fcc
size: 2
saved to: wd/configs/19/config_0003.in

config 19 4 
seed 7010 
alat: 15.28152738  [in: 7.6370544 out: 15.2741088]
type: fcc
size: 2
saved to: wd/configs/19/config_0004.in

config 19 5 
seed 739286 
alat: 15.2890603  [in: 7.6370544 out: 15.2741088]
type: fcc
size: 2
saved to: wd/configs/19/config_0005.in


Save Config 20
======================

config 20 1 
seed 885440 
alat: 15.2741088  [in: 7.6370544 out: 15.2741088]
type: fcc
size: 2
saved to: wd/configs/20/config_0001.in

config 20 2 
seed 582629 
alat: 15.2741088  [in: 7.6370544 out: 15.2741088]
type: fcc
size: 2
saved to: wd/configs/20/config_0002.in

config 20 3 
seed 948077 
alat: 15.2741088  [in: 7.6370544 out: 15.2741088]
type: fcc
size: 2
saved to: wd/configs/20/config_0003.in

config 20 4 
seed 763457 
alat: 15.2741088  [in: 7.6370544 out: 15.2741088]
type: fcc
size: 2
saved to: wd/configs/20/config_0004.in

config 20 5 
seed 737244 
alat: 15.2741088  [in: 7.6370544 out: 15.2741088]
type: fcc
size: 2
saved to: wd/configs/20/config_0005.in


Save Config 21
======================

config 21 1 
seed 885440 
alat: 15.27580845  [in: 7.6370544 out: 15.2741088]
type: fcc
size: 2
saved to: wd/configs/21/config_0001.in

config 21 2 
seed 100088 
alat: 15.26728039  [in: 7.6370544 out: 15.2741088]
type: fcc
size: 2
saved to: wd/configs/21/config_0002.in

config 21 3 
seed 776541 
alat: 15.27601294  [in: 7.6370544 out: 15.2741088]
type: fcc
size: 2
saved to: wd/configs/21/config_0003.in

config 21 4 
seed 7010 
alat: 15.28152738  [in: 7.6370544 out: 15.2741088]
type: fcc
size: 2
saved to: wd/configs/21/config_0004.in

config 21 5 
seed 739286 
alat: 15.2890603  [in: 7.6370544 out: 15.2741088]
type: fcc
size: 2
saved to: wd/configs/21/config_0005.in



###########################################################################
Duration: 6.0429205894470215
###########################################################################
